[2020-06-24 13:41:05.846] [warn] [Motrix] Logger init
[2020-06-24 13:41:08.035] [warn] [Motrix] auto sync tracker data: [
  'udp://93.158.213.92:1337/announce\n' +
    '\n' +
    'udp://151.80.120.112:2710/announce\n' +
    '\n' +
    'udp://151.80.120.114:2710/announce\n' +
    '\n' +
    'udp://163.172.217.67:1337/announce\n' +
    '\n' +
    'udp://208.83.20.20:6969/announce\n' +
    '\n' +
    'udp://194.182.165.153:6969/announce\n' +
    '\n' +
    'udp://185.181.60.67:80/announce\n' +
    '\n' +
    'udp://5.206.13.166:6969/announce\n' +
    '\n' +
    'udp://37.235.174.46:2710/announce\n' +
    '\n' +
    'udp://89.234.156.205:451/announce\n' +
    '\n' +
    'udp://176.113.71.60:6961/announce\n' +
    '\n' +
    'udp://193.38.137.134:6969/announce\n' +
    '\n' +
    'udp://51.15.40.114:80/announce\n' +
    '\n' +
    'udp://207.241.231.226:6969/announce\n' +
    '\n' +
    'udp://207.241.226.111:6969/announce\n' +
    '\n' +
    'udp://46.148.18.250:2710/announce\n' +
    '\n' +
    'udp://212.47.227.58:6969/announce\n' +
    '\n',
  'udp://tracker.coppersurfer.tk:6969/announce\n' +
    '\n' +
    'udp://tracker.opentrackr.org:1337/announce\n' +
    '\n' +
    'udp://tracker.leechers-paradise.org:6969/announce\n' +
    '\n' +
    'udp://9.rarbg.to:2710/announce\n' +
    '\n' +
    'udp://9.rarbg.me:2710/announce\n' +
    '\n' +
    'udp://p4p.arenabg.com:1337/announce\n' +
    '\n' +
    'udp://exodus.desync.com:6969/announce\n' +
    '\n' +
    'udp://tracker.cyberia.is:6969/announce\n' +
    '\n' +
    'udp://open.stealth.si:80/announce\n' +
    '\n' +
    'udp://tracker.tiny-vps.com:6969/announce\n' +
    '\n' +
    'udp://retracker.lanta-net.ru:2710/announce\n' +
    '\n' +
    'udp://tracker.torrent.eu.org:451/announce\n' +
    '\n' +
    'udp://tracker3.itzmx.com:6961/announce\n' +
    '\n' +
    'http://tracker1.itzmx.com:8080/announce\n' +
    '\n' +
    'udp://tracker.moeking.me:6969/announce\n' +
    '\n' +
    'udp://ipv4.tracker.harry.lu:80/announce\n' +
    '\n' +
    'udp://bt2.archive.org:6969/announce\n' +
    '\n' +
    'udp://bt1.archive.org:6969/announce\n' +
    '\n' +
    'udp://valakas.rollo.dnsabr.com:2710/announce\n' +
    '\n' +
    'udp://zephir.monocul.us:6969/announce\n' +
    '\n'
]
[2020-06-24 13:41:08.483] [warn] [Motrix] UPnPManager map 21301 failed, error:  Error: UPnP port mapping failed
    at /tmp/.mount_MotrixT83W3g/resources/app.asar/node_modules/@motrix/nat-api/index.js:226:25
    at /tmp/.mount_MotrixT83W3g/resources/app.asar/node_modules/@motrix/nat-api/index.js:327:16
    at /tmp/.mount_MotrixT83W3g/resources/app.asar/node_modules/@motrix/nat-api/lib/upnp/index.js:24:23
    at Timeout._onTimeout (/tmp/.mount_MotrixT83W3g/resources/app.asar/node_modules/@motrix/nat-api/lib/upnp/index.js:193:7)
    at listOnTimeout (internal/timers.js:531:17)
    at processTimers (internal/timers.js:475:7)
[2020-06-24 13:41:08.485] [warn] [Motrix] UPnPManager map 26701 failed, error:  Error: UPnP port mapping failed
    at /tmp/.mount_MotrixT83W3g/resources/app.asar/node_modules/@motrix/nat-api/index.js:226:25
    at /tmp/.mount_MotrixT83W3g/resources/app.asar/node_modules/@motrix/nat-api/index.js:327:16
    at /tmp/.mount_MotrixT83W3g/resources/app.asar/node_modules/@motrix/nat-api/lib/upnp/index.js:24:23
    at Timeout._onTimeout (/tmp/.mount_MotrixT83W3g/resources/app.asar/node_modules/@motrix/nat-api/lib/upnp/index.js:193:7)
    at listOnTimeout (internal/timers.js:531:17)
    at processTimers (internal/timers.js:475:7)
[2020-06-24 13:41:08.486] [warn] [Motrix] start UPnP mapping fail UPnP port mapping failed
[2020-06-24 13:51:41.061] [warn] [Motrix] Logger init
[2020-06-24 13:51:43.810] [warn] [Motrix] UPnPManager map 21301 failed, error:  Error: UPnP port mapping failed
    at /tmp/.mount_MotrixZ0W2tX/resources/app.asar/node_modules/@motrix/nat-api/index.js:226:25
    at /tmp/.mount_MotrixZ0W2tX/resources/app.asar/node_modules/@motrix/nat-api/index.js:327:16
    at /tmp/.mount_MotrixZ0W2tX/resources/app.asar/node_modules/@motrix/nat-api/lib/upnp/index.js:24:23
    at Timeout._onTimeout (/tmp/.mount_MotrixZ0W2tX/resources/app.asar/node_modules/@motrix/nat-api/lib/upnp/index.js:193:7)
    at listOnTimeout (internal/timers.js:531:17)
    at processTimers (internal/timers.js:475:7)
[2020-06-24 13:51:43.813] [warn] [Motrix] start UPnP mapping fail UPnP port mapping failed
[2020-06-24 13:51:43.813] [warn] [Motrix] UPnPManager map 26701 failed, error:  Error: UPnP port mapping failed
    at /tmp/.mount_MotrixZ0W2tX/resources/app.asar/node_modules/@motrix/nat-api/index.js:226:25
    at /tmp/.mount_MotrixZ0W2tX/resources/app.asar/node_modules/@motrix/nat-api/index.js:327:16
    at /tmp/.mount_MotrixZ0W2tX/resources/app.asar/node_modules/@motrix/nat-api/lib/upnp/index.js:24:23
    at Timeout._onTimeout (/tmp/.mount_MotrixZ0W2tX/resources/app.asar/node_modules/@motrix/nat-api/lib/upnp/index.js:193:7)
    at listOnTimeout (internal/timers.js:531:17)
    at processTimers (internal/timers.js:475:7)
[2020-06-24 13:53:40.547] [warn] [Motrix] call client fail: request to http://127.0.0.1:16800/jsonrpc failed, reason: connect ECANCELED 127.0.0.1:16800
[2020-06-24 14:07:38.061] [warn] [Motrix] Logger init
[2020-06-24 14:07:40.736] [warn] [Motrix] UPnPManager map 21301 failed, error:  Error: UPnP port mapping failed
    at /tmp/.mount_Motrixx7XQTF/resources/app.asar/node_modules/@motrix/nat-api/index.js:226:25
    at /tmp/.mount_Motrixx7XQTF/resources/app.asar/node_modules/@motrix/nat-api/index.js:327:16
    at /tmp/.mount_Motrixx7XQTF/resources/app.asar/node_modules/@motrix/nat-api/lib/upnp/index.js:24:23
    at Timeout._onTimeout (/tmp/.mount_Motrixx7XQTF/resources/app.asar/node_modules/@motrix/nat-api/lib/upnp/index.js:193:7)
    at listOnTimeout (internal/timers.js:531:17)
    at processTimers (internal/timers.js:475:7)
[2020-06-24 14:07:40.739] [warn] [Motrix] start UPnP mapping fail UPnP port mapping failed
[2020-06-24 14:07:40.740] [warn] [Motrix] UPnPManager map 26701 failed, error:  Error: UPnP port mapping failed
    at /tmp/.mount_Motrixx7XQTF/resources/app.asar/node_modules/@motrix/nat-api/index.js:226:25
    at /tmp/.mount_Motrixx7XQTF/resources/app.asar/node_modules/@motrix/nat-api/index.js:327:16
    at /tmp/.mount_Motrixx7XQTF/resources/app.asar/node_modules/@motrix/nat-api/lib/upnp/index.js:24:23
    at Timeout._onTimeout (/tmp/.mount_Motrixx7XQTF/resources/app.asar/node_modules/@motrix/nat-api/lib/upnp/index.js:193:7)
    at listOnTimeout (internal/timers.js:531:17)
    at processTimers (internal/timers.js:475:7)
[2020-06-24 14:56:32.405] [warn] [Motrix] Logger init
[2020-06-24 14:56:35.052] [warn] [Motrix] UPnPManager map 21301 failed, error:  Error: UPnP port mapping failed
    at /tmp/.mount_Motrixb75UN4/resources/app.asar/node_modules/@motrix/nat-api/index.js:226:25
    at /tmp/.mount_Motrixb75UN4/resources/app.asar/node_modules/@motrix/nat-api/index.js:327:16
    at /tmp/.mount_Motrixb75UN4/resources/app.asar/node_modules/@motrix/nat-api/lib/upnp/index.js:24:23
    at Timeout._onTimeout (/tmp/.mount_Motrixb75UN4/resources/app.asar/node_modules/@motrix/nat-api/lib/upnp/index.js:193:7)
    at listOnTimeout (internal/timers.js:531:17)
    at processTimers (internal/timers.js:475:7)
[2020-06-24 14:56:35.053] [warn] [Motrix] start UPnP mapping fail UPnP port mapping failed
[2020-06-24 14:56:35.054] [warn] [Motrix] UPnPManager map 26701 failed, error:  Error: UPnP port mapping failed
    at /tmp/.mount_Motrixb75UN4/resources/app.asar/node_modules/@motrix/nat-api/index.js:226:25
    at /tmp/.mount_Motrixb75UN4/resources/app.asar/node_modules/@motrix/nat-api/index.js:327:16
    at /tmp/.mount_Motrixb75UN4/resources/app.asar/node_modules/@motrix/nat-api/lib/upnp/index.js:24:23
    at Timeout._onTimeout (/tmp/.mount_Motrixb75UN4/resources/app.asar/node_modules/@motrix/nat-api/lib/upnp/index.js:193:7)
    at listOnTimeout (internal/timers.js:531:17)
    at processTimers (internal/timers.js:475:7)
[2020-06-24 14:56:42.552] [warn] [Motrix] call client fail: request to http://127.0.0.1:16800/jsonrpc failed, reason: connect ECANCELED 127.0.0.1:16800
[2020-06-24 14:56:56.001] [warn] [Motrix] Logger init
[2020-06-24 14:56:58.662] [warn] [Motrix] UPnPManager map 21301 failed, error:  Error: UPnP port mapping failed
    at /tmp/.mount_MotrixG2tYyJ/resources/app.asar/node_modules/@motrix/nat-api/index.js:226:25
    at /tmp/.mount_MotrixG2tYyJ/resources/app.asar/node_modules/@motrix/nat-api/index.js:327:16
    at /tmp/.mount_MotrixG2tYyJ/resources/app.asar/node_modules/@motrix/nat-api/lib/upnp/index.js:24:23
    at Timeout._onTimeout (/tmp/.mount_MotrixG2tYyJ/resources/app.asar/node_modules/@motrix/nat-api/lib/upnp/index.js:193:7)
    at listOnTimeout (internal/timers.js:531:17)
    at processTimers (internal/timers.js:475:7)
[2020-06-24 14:56:58.666] [warn] [Motrix] start UPnP mapping fail UPnP port mapping failed
[2020-06-24 14:56:58.667] [warn] [Motrix] UPnPManager map 26701 failed, error:  Error: UPnP port mapping failed
    at /tmp/.mount_MotrixG2tYyJ/resources/app.asar/node_modules/@motrix/nat-api/index.js:226:25
    at /tmp/.mount_MotrixG2tYyJ/resources/app.asar/node_modules/@motrix/nat-api/index.js:327:16
    at /tmp/.mount_MotrixG2tYyJ/resources/app.asar/node_modules/@motrix/nat-api/lib/upnp/index.js:24:23
    at Timeout._onTimeout (/tmp/.mount_MotrixG2tYyJ/resources/app.asar/node_modules/@motrix/nat-api/lib/upnp/index.js:193:7)
    at listOnTimeout (internal/timers.js:531:17)
    at processTimers (internal/timers.js:475:7)
[2020-06-24 15:11:34.433] [warn] [Motrix] call client fail: request to http://127.0.0.1:16800/jsonrpc failed, reason: connect ECONNREFUSED 127.0.0.1:16800
[2020-06-24 15:52:49.357] [warn] [Motrix] Logger init
[2020-06-24 15:52:51.925] [warn] [Motrix] UPnPManager map 21301 failed, error:  Error: UPnP port mapping failed
    at /tmp/.mount_MotrixV7dzt7/resources/app.asar/node_modules/@motrix/nat-api/index.js:226:25
    at /tmp/.mount_MotrixV7dzt7/resources/app.asar/node_modules/@motrix/nat-api/index.js:327:16
    at /tmp/.mount_MotrixV7dzt7/resources/app.asar/node_modules/@motrix/nat-api/lib/upnp/index.js:24:23
    at Timeout._onTimeout (/tmp/.mount_MotrixV7dzt7/resources/app.asar/node_modules/@motrix/nat-api/lib/upnp/index.js:193:7)
    at listOnTimeout (internal/timers.js:531:17)
    at processTimers (internal/timers.js:475:7)
[2020-06-24 15:52:51.928] [warn] [Motrix] start UPnP mapping fail UPnP port mapping failed
[2020-06-24 15:52:51.929] [warn] [Motrix] UPnPManager map 26701 failed, error:  Error: UPnP port mapping failed
    at /tmp/.mount_MotrixV7dzt7/resources/app.asar/node_modules/@motrix/nat-api/index.js:226:25
    at /tmp/.mount_MotrixV7dzt7/resources/app.asar/node_modules/@motrix/nat-api/index.js:327:16
    at /tmp/.mount_MotrixV7dzt7/resources/app.asar/node_modules/@motrix/nat-api/lib/upnp/index.js:24:23
    at Timeout._onTimeout (/tmp/.mount_MotrixV7dzt7/resources/app.asar/node_modules/@motrix/nat-api/lib/upnp/index.js:193:7)
    at listOnTimeout (internal/timers.js:531:17)
    at processTimers (internal/timers.js:475:7)
[2020-06-24 15:59:35.894] [warn] [Motrix] call client fail: request to http://127.0.0.1:16800/jsonrpc failed, reason: connect ECONNREFUSED 127.0.0.1:16800
[2020-06-25 09:25:41.559] [warn] [Motrix] Logger init
[2020-06-25 09:25:43.423] [warn] [Motrix] auto sync tracker data: [
  'udp://93.158.213.92:1337/announce\n' +
    '\n' +
    'udp://188.241.58.209:6969/announce\n' +
    '\n' +
    'udp://151.80.120.115:2710/announce\n' +
    '\n' +
    'udp://163.172.217.67:1337/announce\n' +
    '\n' +
    'udp://208.83.20.20:6969/announce\n' +
    '\n' +
    'udp://194.182.165.153:6969/announce\n' +
    '\n' +
    'udp://37.235.174.46:2710/announce\n' +
    '\n' +
    'udp://185.181.60.67:80/announce\n' +
    '\n' +
    'udp://5.206.13.166:6969/announce\n' +
    '\n' +
    'udp://89.234.156.205:451/announce\n' +
    '\n' +
    'udp://176.113.71.60:6961/announce\n' +
    '\n' +
    'udp://193.38.137.134:6969/announce\n' +
    '\n' +
    'udp://51.15.40.114:80/announce\n' +
    '\n' +
    'udp://207.241.231.226:6969/announce\n' +
    '\n' +
    'udp://207.241.226.111:6969/announce\n' +
    '\n' +
    'udp://212.47.227.58:6969/announce\n' +
    '\n' +
    'udp://46.148.18.250:2710/announce\n' +
    '\n',
  'udp://tracker.coppersurfer.tk:6969/announce\n' +
    '\n' +
    'udp://tracker.opentrackr.org:1337/announce\n' +
    '\n' +
    'udp://tracker.leechers-paradise.org:6969/announce\n' +
    '\n' +
    'udp://9.rarbg.to:2710/announce\n' +
    '\n' +
    'udp://9.rarbg.me:2710/announce\n' +
    '\n' +
    'udp://p4p.arenabg.com:1337/announce\n' +
    '\n' +
    'udp://exodus.desync.com:6969/announce\n' +
    '\n' +
    'udp://tracker.cyberia.is:6969/announce\n' +
    '\n' +
    'udp://retracker.lanta-net.ru:2710/announce\n' +
    '\n' +
    'udp://open.stealth.si:80/announce\n' +
    '\n' +
    'udp://tracker.tiny-vps.com:6969/announce\n' +
    '\n' +
    'udp://tracker.torrent.eu.org:451/announce\n' +
    '\n' +
    'udp://tracker3.itzmx.com:6961/announce\n' +
    '\n' +
    'udp://tracker.moeking.me:6969/announce\n' +
    '\n' +
    'http://tracker1.itzmx.com:8080/announce\n' +
    '\n' +
    'udp://ipv4.tracker.harry.lu:80/announce\n' +
    '\n' +
    'udp://bt2.archive.org:6969/announce\n' +
    '\n' +
    'udp://bt1.archive.org:6969/announce\n' +
    '\n' +
    'udp://zephir.monocul.us:6969/announce\n' +
    '\n' +
    'udp://valakas.rollo.dnsabr.com:2710/announce\n' +
    '\n'
]
[2020-06-25 09:25:44.110] [warn] [Motrix] UPnPManager map 21301 failed, error:  Error: UPnP port mapping failed
    at /tmp/.mount_Motrix4RFi3u/resources/app.asar/node_modules/@motrix/nat-api/index.js:226:25
    at /tmp/.mount_Motrix4RFi3u/resources/app.asar/node_modules/@motrix/nat-api/index.js:327:16
    at /tmp/.mount_Motrix4RFi3u/resources/app.asar/node_modules/@motrix/nat-api/lib/upnp/index.js:24:23
    at Timeout._onTimeout (/tmp/.mount_Motrix4RFi3u/resources/app.asar/node_modules/@motrix/nat-api/lib/upnp/index.js:193:7)
    at listOnTimeout (internal/timers.js:531:17)
    at processTimers (internal/timers.js:475:7)
[2020-06-25 09:25:44.113] [warn] [Motrix] start UPnP mapping fail UPnP port mapping failed
[2020-06-25 09:25:44.114] [warn] [Motrix] UPnPManager map 26701 failed, error:  Error: UPnP port mapping failed
    at /tmp/.mount_Motrix4RFi3u/resources/app.asar/node_modules/@motrix/nat-api/index.js:226:25
    at /tmp/.mount_Motrix4RFi3u/resources/app.asar/node_modules/@motrix/nat-api/index.js:327:16
    at /tmp/.mount_Motrix4RFi3u/resources/app.asar/node_modules/@motrix/nat-api/lib/upnp/index.js:24:23
    at Timeout._onTimeout (/tmp/.mount_Motrix4RFi3u/resources/app.asar/node_modules/@motrix/nat-api/lib/upnp/index.js:193:7)
    at listOnTimeout (internal/timers.js:531:17)
    at processTimers (internal/timers.js:475:7)
[2020-06-25 10:50:13.165] [warn] [Motrix] Logger init
[2020-06-25 10:50:15.858] [warn] [Motrix] UPnPManager map 21301 failed, error:  Error: UPnP port mapping failed
    at /tmp/.mount_MotrixSUe5IK/resources/app.asar/node_modules/@motrix/nat-api/index.js:226:25
    at /tmp/.mount_MotrixSUe5IK/resources/app.asar/node_modules/@motrix/nat-api/index.js:327:16
    at /tmp/.mount_MotrixSUe5IK/resources/app.asar/node_modules/@motrix/nat-api/lib/upnp/index.js:24:23
    at Timeout._onTimeout (/tmp/.mount_MotrixSUe5IK/resources/app.asar/node_modules/@motrix/nat-api/lib/upnp/index.js:193:7)
    at listOnTimeout (internal/timers.js:531:17)
    at processTimers (internal/timers.js:475:7)
[2020-06-25 10:50:15.860] [warn] [Motrix] UPnPManager map 26701 failed, error:  Error: UPnP port mapping failed
    at /tmp/.mount_MotrixSUe5IK/resources/app.asar/node_modules/@motrix/nat-api/index.js:226:25
    at /tmp/.mount_MotrixSUe5IK/resources/app.asar/node_modules/@motrix/nat-api/index.js:327:16
    at /tmp/.mount_MotrixSUe5IK/resources/app.asar/node_modules/@motrix/nat-api/lib/upnp/index.js:24:23
    at Timeout._onTimeout (/tmp/.mount_MotrixSUe5IK/resources/app.asar/node_modules/@motrix/nat-api/lib/upnp/index.js:193:7)
    at listOnTimeout (internal/timers.js:531:17)
    at processTimers (internal/timers.js:475:7)
[2020-06-25 10:50:15.863] [warn] [Motrix] start UPnP mapping fail UPnP port mapping failed
[2020-06-25 11:07:46.448] [warn] [Motrix] call client fail: request to http://127.0.0.1:16800/jsonrpc failed, reason: socket hang up
[2020-06-25 12:18:13.098] [warn] [Motrix] Logger init
[2020-06-25 12:18:15.705] [warn] [Motrix] UPnPManager map 21301 failed, error:  Error: UPnP port mapping failed
    at /tmp/.mount_Motrix0CutXU/resources/app.asar/node_modules/@motrix/nat-api/index.js:226:25
    at /tmp/.mount_Motrix0CutXU/resources/app.asar/node_modules/@motrix/nat-api/index.js:327:16
    at /tmp/.mount_Motrix0CutXU/resources/app.asar/node_modules/@motrix/nat-api/lib/upnp/index.js:24:23
    at Timeout._onTimeout (/tmp/.mount_Motrix0CutXU/resources/app.asar/node_modules/@motrix/nat-api/lib/upnp/index.js:193:7)
    at listOnTimeout (internal/timers.js:531:17)
    at processTimers (internal/timers.js:475:7)
[2020-06-25 12:18:15.707] [warn] [Motrix] start UPnP mapping fail UPnP port mapping failed
[2020-06-25 12:18:15.707] [warn] [Motrix] UPnPManager map 26701 failed, error:  Error: UPnP port mapping failed
    at /tmp/.mount_Motrix0CutXU/resources/app.asar/node_modules/@motrix/nat-api/index.js:226:25
    at /tmp/.mount_Motrix0CutXU/resources/app.asar/node_modules/@motrix/nat-api/index.js:327:16
    at /tmp/.mount_Motrix0CutXU/resources/app.asar/node_modules/@motrix/nat-api/lib/upnp/index.js:24:23
    at Timeout._onTimeout (/tmp/.mount_Motrix0CutXU/resources/app.asar/node_modules/@motrix/nat-api/lib/upnp/index.js:193:7)
    at listOnTimeout (internal/timers.js:531:17)
    at processTimers (internal/timers.js:475:7)
[2020-06-25 12:19:13.151] [warn] [Motrix] Logger init
[2020-06-25 12:19:15.522] [warn] [Motrix] UPnPManager map 21301 failed, error:  Error: UPnP port mapping failed
    at /tmp/.mount_Motrix0CutXU/resources/app.asar/node_modules/@motrix/nat-api/index.js:226:25
    at /tmp/.mount_Motrix0CutXU/resources/app.asar/node_modules/@motrix/nat-api/index.js:327:16
    at /tmp/.mount_Motrix0CutXU/resources/app.asar/node_modules/@motrix/nat-api/lib/upnp/index.js:24:23
    at Timeout._onTimeout (/tmp/.mount_Motrix0CutXU/resources/app.asar/node_modules/@motrix/nat-api/lib/upnp/index.js:193:7)
    at listOnTimeout (internal/timers.js:531:17)
    at processTimers (internal/timers.js:475:7)
[2020-06-25 12:19:15.524] [warn] [Motrix] start UPnP mapping fail UPnP port mapping failed
[2020-06-25 12:19:15.525] [warn] [Motrix] UPnPManager map 26701 failed, error:  Error: UPnP port mapping failed
    at /tmp/.mount_Motrix0CutXU/resources/app.asar/node_modules/@motrix/nat-api/index.js:226:25
    at /tmp/.mount_Motrix0CutXU/resources/app.asar/node_modules/@motrix/nat-api/index.js:327:16
    at /tmp/.mount_Motrix0CutXU/resources/app.asar/node_modules/@motrix/nat-api/lib/upnp/index.js:24:23
    at Timeout._onTimeout (/tmp/.mount_Motrix0CutXU/resources/app.asar/node_modules/@motrix/nat-api/lib/upnp/index.js:193:7)
    at listOnTimeout (internal/timers.js:531:17)
    at processTimers (internal/timers.js:475:7)
[2020-06-25 12:19:20.258] [error] [Motrix] Uncaught exception: Error processing argument at index 0, conversion failure from /tmp/.mount_Motrix0CutXU/resources/app.asar/dist/electron/static/mo-tray-dark-active.png
[2020-06-25 12:19:20.259] [error] TypeError: Error processing argument at index 0, conversion failure from /tmp/.mount_Motrix0CutXU/resources/app.asar/dist/electron/static/mo-tray-dark-active.png
    at r.value (/tmp/.mount_Motrix0CutXU/resources/app.asar/dist/electron/main.js:1:203050)
    at r.value (/tmp/.mount_Motrix0CutXU/resources/app.asar/dist/electron/main.js:1:202947)
    at m.<anonymous> (/tmp/.mount_Motrix0CutXU/resources/app.asar/dist/electron/main.js:1:222720)
    at m.emit (events.js:210:5)
    at IpcMainImpl.<anonymous> (/tmp/.mount_Motrix0CutXU/resources/app.asar/dist/electron/main.js:1:223428)
    at IpcMainImpl.emit (events.js:210:5)
    at WebContents.<anonymous> (electron/js2c/browser_init.js:3853:15)
    at WebContents.emit (events.js:210:5)
[2020-06-25 12:19:43.024] [warn] [Motrix] Logger init
[2020-06-25 12:19:52.776] [warn] [Motrix] Logger init
[2020-06-25 12:19:55.464] [warn] [Motrix] UPnPManager map 21301 failed, error:  Error: UPnP port mapping failed
    at /tmp/.mount_Motrix11cYcJ/resources/app.asar/node_modules/@motrix/nat-api/index.js:226:25
    at /tmp/.mount_Motrix11cYcJ/resources/app.asar/node_modules/@motrix/nat-api/index.js:327:16
    at /tmp/.mount_Motrix11cYcJ/resources/app.asar/node_modules/@motrix/nat-api/lib/upnp/index.js:24:23
    at Timeout._onTimeout (/tmp/.mount_Motrix11cYcJ/resources/app.asar/node_modules/@motrix/nat-api/lib/upnp/index.js:193:7)
    at listOnTimeout (internal/timers.js:531:17)
    at processTimers (internal/timers.js:475:7)
[2020-06-25 12:19:55.466] [warn] [Motrix] start UPnP mapping fail UPnP port mapping failed
[2020-06-25 12:19:55.467] [warn] [Motrix] UPnPManager map 26701 failed, error:  Error: UPnP port mapping failed
    at /tmp/.mount_Motrix11cYcJ/resources/app.asar/node_modules/@motrix/nat-api/index.js:226:25
    at /tmp/.mount_Motrix11cYcJ/resources/app.asar/node_modules/@motrix/nat-api/index.js:327:16
    at /tmp/.mount_Motrix11cYcJ/resources/app.asar/node_modules/@motrix/nat-api/lib/upnp/index.js:24:23
    at Timeout._onTimeout (/tmp/.mount_Motrix11cYcJ/resources/app.asar/node_modules/@motrix/nat-api/lib/upnp/index.js:193:7)
    at listOnTimeout (internal/timers.js:531:17)
    at processTimers (internal/timers.js:475:7)
[2020-06-25 12:20:20.696] [warn] [Motrix] call client fail: request to http://127.0.0.1:16800/jsonrpc failed, reason: socket hang up
[2020-06-25 12:20:20.711] [warn] [Motrix] call client fail: request to http://127.0.0.1:16800/jsonrpc failed, reason: socket hang up
[2020-06-25 12:20:23.017] [warn] [Motrix] Logger init
[2020-06-25 12:20:25.692] [warn] [Motrix] UPnPManager map 21301 failed, error:  Error: UPnP port mapping failed
    at /tmp/.mount_MotrixNJUJS9/resources/app.asar/node_modules/@motrix/nat-api/index.js:226:25
    at /tmp/.mount_MotrixNJUJS9/resources/app.asar/node_modules/@motrix/nat-api/index.js:327:16
    at /tmp/.mount_MotrixNJUJS9/resources/app.asar/node_modules/@motrix/nat-api/lib/upnp/index.js:24:23
    at Timeout._onTimeout (/tmp/.mount_MotrixNJUJS9/resources/app.asar/node_modules/@motrix/nat-api/lib/upnp/index.js:193:7)
    at listOnTimeout (internal/timers.js:531:17)
    at processTimers (internal/timers.js:475:7)
[2020-06-25 12:20:25.694] [warn] [Motrix] start UPnP mapping fail UPnP port mapping failed
[2020-06-25 12:20:25.695] [warn] [Motrix] UPnPManager map 26701 failed, error:  Error: UPnP port mapping failed
    at /tmp/.mount_MotrixNJUJS9/resources/app.asar/node_modules/@motrix/nat-api/index.js:226:25
    at /tmp/.mount_MotrixNJUJS9/resources/app.asar/node_modules/@motrix/nat-api/index.js:327:16
    at /tmp/.mount_MotrixNJUJS9/resources/app.asar/node_modules/@motrix/nat-api/lib/upnp/index.js:24:23
    at Timeout._onTimeout (/tmp/.mount_MotrixNJUJS9/resources/app.asar/node_modules/@motrix/nat-api/lib/upnp/index.js:193:7)
    at listOnTimeout (internal/timers.js:531:17)
    at processTimers (internal/timers.js:475:7)
[2020-06-25 13:56:48.015] [warn] [Motrix] Logger init
[2020-06-25 13:56:50.732] [warn] [Motrix] UPnPManager map 21301 failed, error:  Error: UPnP port mapping failed
    at /tmp/.mount_Motrix6jDtly/resources/app.asar/node_modules/@motrix/nat-api/index.js:226:25
    at /tmp/.mount_Motrix6jDtly/resources/app.asar/node_modules/@motrix/nat-api/index.js:327:16
    at /tmp/.mount_Motrix6jDtly/resources/app.asar/node_modules/@motrix/nat-api/lib/upnp/index.js:24:23
    at Timeout._onTimeout (/tmp/.mount_Motrix6jDtly/resources/app.asar/node_modules/@motrix/nat-api/lib/upnp/index.js:193:7)
    at listOnTimeout (internal/timers.js:531:17)
    at processTimers (internal/timers.js:475:7)
[2020-06-25 13:56:50.734] [warn] [Motrix] UPnPManager map 26701 failed, error:  Error: UPnP port mapping failed
    at /tmp/.mount_Motrix6jDtly/resources/app.asar/node_modules/@motrix/nat-api/index.js:226:25
    at /tmp/.mount_Motrix6jDtly/resources/app.asar/node_modules/@motrix/nat-api/index.js:327:16
    at /tmp/.mount_Motrix6jDtly/resources/app.asar/node_modules/@motrix/nat-api/lib/upnp/index.js:24:23
    at Timeout._onTimeout (/tmp/.mount_Motrix6jDtly/resources/app.asar/node_modules/@motrix/nat-api/lib/upnp/index.js:193:7)
    at listOnTimeout (internal/timers.js:531:17)
    at processTimers (internal/timers.js:475:7)
[2020-06-25 13:56:50.737] [warn] [Motrix] start UPnP mapping fail UPnP port mapping failed
[2020-06-25 13:57:13.689] [warn] [Motrix] Logger init
[2020-06-25 13:57:16.372] [warn] [Motrix] UPnPManager map 21301 failed, error:  Error: UPnP port mapping failed
    at /tmp/.mount_Motrixl1dc4g/resources/app.asar/node_modules/@motrix/nat-api/index.js:226:25
    at /tmp/.mount_Motrixl1dc4g/resources/app.asar/node_modules/@motrix/nat-api/index.js:327:16
    at /tmp/.mount_Motrixl1dc4g/resources/app.asar/node_modules/@motrix/nat-api/lib/upnp/index.js:24:23
    at Timeout._onTimeout (/tmp/.mount_Motrixl1dc4g/resources/app.asar/node_modules/@motrix/nat-api/lib/upnp/index.js:193:7)
    at listOnTimeout (internal/timers.js:531:17)
    at processTimers (internal/timers.js:475:7)
[2020-06-25 13:57:16.374] [warn] [Motrix] start UPnP mapping fail UPnP port mapping failed
[2020-06-25 13:57:16.375] [warn] [Motrix] UPnPManager map 26701 failed, error:  Error: UPnP port mapping failed
    at /tmp/.mount_Motrixl1dc4g/resources/app.asar/node_modules/@motrix/nat-api/index.js:226:25
    at /tmp/.mount_Motrixl1dc4g/resources/app.asar/node_modules/@motrix/nat-api/index.js:327:16
    at /tmp/.mount_Motrixl1dc4g/resources/app.asar/node_modules/@motrix/nat-api/lib/upnp/index.js:24:23
    at Timeout._onTimeout (/tmp/.mount_Motrixl1dc4g/resources/app.asar/node_modules/@motrix/nat-api/lib/upnp/index.js:193:7)
    at listOnTimeout (internal/timers.js:531:17)
    at processTimers (internal/timers.js:475:7)
[2020-06-25 13:57:56.274] [warn] [Motrix] call client fail: request to http://127.0.0.1:16800/jsonrpc failed, reason: socket hang up
[2020-06-25 13:58:05.537] [warn] [Motrix] Logger init
[2020-06-25 13:58:08.208] [warn] [Motrix] UPnPManager map 21301 failed, error:  Error: UPnP port mapping failed
    at /tmp/.mount_MotrixA7HBId/resources/app.asar/node_modules/@motrix/nat-api/index.js:226:25
    at /tmp/.mount_MotrixA7HBId/resources/app.asar/node_modules/@motrix/nat-api/index.js:327:16
    at /tmp/.mount_MotrixA7HBId/resources/app.asar/node_modules/@motrix/nat-api/lib/upnp/index.js:24:23
    at Timeout._onTimeout (/tmp/.mount_MotrixA7HBId/resources/app.asar/node_modules/@motrix/nat-api/lib/upnp/index.js:193:7)
    at listOnTimeout (internal/timers.js:531:17)
    at processTimers (internal/timers.js:475:7)
[2020-06-25 13:58:08.211] [warn] [Motrix] UPnPManager map 26701 failed, error:  Error: UPnP port mapping failed
    at /tmp/.mount_MotrixA7HBId/resources/app.asar/node_modules/@motrix/nat-api/index.js:226:25
    at /tmp/.mount_MotrixA7HBId/resources/app.asar/node_modules/@motrix/nat-api/index.js:327:16
    at /tmp/.mount_MotrixA7HBId/resources/app.asar/node_modules/@motrix/nat-api/lib/upnp/index.js:24:23
    at Timeout._onTimeout (/tmp/.mount_MotrixA7HBId/resources/app.asar/node_modules/@motrix/nat-api/lib/upnp/index.js:193:7)
    at listOnTimeout (internal/timers.js:531:17)
    at processTimers (internal/timers.js:475:7)
[2020-06-25 13:58:08.212] [warn] [Motrix] start UPnP mapping fail UPnP port mapping failed
[2020-06-25 13:59:16.349] [warn] [Motrix] Logger init
[2020-06-25 13:59:18.938] [warn] [Motrix] UPnPManager map 21301 failed, error:  Error: UPnP port mapping failed
    at /tmp/.mount_MotrixD9ZghR/resources/app.asar/node_modules/@motrix/nat-api/index.js:226:25
    at /tmp/.mount_MotrixD9ZghR/resources/app.asar/node_modules/@motrix/nat-api/index.js:327:16
    at /tmp/.mount_MotrixD9ZghR/resources/app.asar/node_modules/@motrix/nat-api/lib/upnp/index.js:24:23
    at Timeout._onTimeout (/tmp/.mount_MotrixD9ZghR/resources/app.asar/node_modules/@motrix/nat-api/lib/upnp/index.js:193:7)
    at listOnTimeout (internal/timers.js:531:17)
    at processTimers (internal/timers.js:475:7)
[2020-06-25 13:59:18.941] [warn] [Motrix] start UPnP mapping fail UPnP port mapping failed
[2020-06-25 13:59:18.942] [warn] [Motrix] UPnPManager map 26701 failed, error:  Error: UPnP port mapping failed
    at /tmp/.mount_MotrixD9ZghR/resources/app.asar/node_modules/@motrix/nat-api/index.js:226:25
    at /tmp/.mount_MotrixD9ZghR/resources/app.asar/node_modules/@motrix/nat-api/index.js:327:16
    at /tmp/.mount_MotrixD9ZghR/resources/app.asar/node_modules/@motrix/nat-api/lib/upnp/index.js:24:23
    at Timeout._onTimeout (/tmp/.mount_MotrixD9ZghR/resources/app.asar/node_modules/@motrix/nat-api/lib/upnp/index.js:193:7)
    at listOnTimeout (internal/timers.js:531:17)
    at processTimers (internal/timers.js:475:7)
[2020-06-25 13:59:35.518] [warn] [Motrix] Logger init
[2020-06-25 13:59:38.255] [warn] [Motrix] UPnPManager map 21301 failed, error:  Error: UPnP port mapping failed
    at /tmp/.mount_MotrixvPdtsN/resources/app.asar/node_modules/@motrix/nat-api/index.js:226:25
    at /tmp/.mount_MotrixvPdtsN/resources/app.asar/node_modules/@motrix/nat-api/index.js:327:16
    at /tmp/.mount_MotrixvPdtsN/resources/app.asar/node_modules/@motrix/nat-api/lib/upnp/index.js:24:23
    at Timeout._onTimeout (/tmp/.mount_MotrixvPdtsN/resources/app.asar/node_modules/@motrix/nat-api/lib/upnp/index.js:193:7)
    at listOnTimeout (internal/timers.js:531:17)
    at processTimers (internal/timers.js:475:7)
[2020-06-25 13:59:38.257] [warn] [Motrix] start UPnP mapping fail UPnP port mapping failed
[2020-06-25 13:59:38.258] [warn] [Motrix] UPnPManager map 26701 failed, error:  Error: UPnP port mapping failed
    at /tmp/.mount_MotrixvPdtsN/resources/app.asar/node_modules/@motrix/nat-api/index.js:226:25
    at /tmp/.mount_MotrixvPdtsN/resources/app.asar/node_modules/@motrix/nat-api/index.js:327:16
    at /tmp/.mount_MotrixvPdtsN/resources/app.asar/node_modules/@motrix/nat-api/lib/upnp/index.js:24:23
    at Timeout._onTimeout (/tmp/.mount_MotrixvPdtsN/resources/app.asar/node_modules/@motrix/nat-api/lib/upnp/index.js:193:7)
    at listOnTimeout (internal/timers.js:531:17)
    at processTimers (internal/timers.js:475:7)
[2020-06-25 14:01:40.178] [warn] [Motrix] call client fail: request to http://127.0.0.1:16800/jsonrpc failed, reason: connect ECANCELED 127.0.0.1:16800
